10.03.2025 15:14:49.523 INFORMATION Версия программы: '3.4.0.48729'
Дата: 10.03.2025
Время: 15:14:49.523
УровеньЛогирования: INFORMATION
Сообщение: Версия программы: ‘3.4.0.48729’

10.03.2025 15:14:49.523 INFORMATION Версия программы: '3.4.0.48729'
Дата: 10.03.2025
Время: 15:14:49.523
УровеньЛогирования: INFORMATION
Сообщение: Версия программы: ‘3.4.0.48729’

10.03.2025 15:14:49.523 INFORMATION Версия программы: '3.4.0.48729'
Дата: 10.03.2025
Время: 15:14:49.523
УровеньЛогирования: INFORMATION
Сообщение: Версия программы: ‘3.4.0.48729’

10.03.2025 15:14:49.523 INFORMATION Версия программы: '3.4.0.48729'
Дата: 10.03.2025
Время: 15:14:49.523
УровеньЛогирования: INFORMATION
Сообщение: Версия программы: ‘3.4.0.48729’

10.03.2025 15:14:49.523 INFORMATION Версия программы: '3.4.0.48729'
Дата: 10.03.2025
Время: 15:14:49.523
УровеньЛогирования: INFORMATION
Сообщение: Версия программы: ‘3.4.0.48729’

2025-03-10 15:14:51.5882| INFO|11|MobileComputer.GetDeviceId| Код устройства: '@MINDEO-M40-D-410244015546'
Дата: 2025-03-10
Время: 15:14:51.5882
УровеньЛогирования: INFO
ВызвавшийМетод: MobileComputer.GetDeviceId
Сообщение: Код устройства: ‘@MINDEO-M40-D-410244015546’

2025-03-10 15:14:51.5882| INFO|11|MobileComputer.GetDeviceId| Код устройства: '@MINDEO-M40-D-410244015546'
Дата: 2025-03-10
Время: 15:14:51.5882
УровеньЛогирования: INFO
ВызвавшийМетод: MobileComputer.GetDeviceId
Сообщение: Код устройства: ‘@MINDEO-M40-D-410244015546’

2025-03-10 15:14:51.5882| INFO|11|MobileComputer.GetDeviceId| Код устройства: @MINDEO-M40-D-410244015546'
Дата: 2025-03-10
Время: 15:14:51.5882
УровеньЛогирования: INFO
ВызвавшийМетод: MobileComputer.GetDeviceId
Сообщение: Кодустройства: ‘@MINDEO-M40-D-410244015546’

2025-03-10 15:14:51.5882| INFO|11|MobileComputer.GetDeviceId| Код устройства: '@MINDEO-M40-D-410244015546'
Дата: 2025-03-10
Время: 15:14:51.5882
УровеньЛогирования: INFO
ВызвавшийМетод: MobileComputer.GetDeviceId
Сообщение: Код eстройства: @MINDEO-M40-D-410244015546

2025-03-10 15:14:51.5882| INFO|11|MobileComputer.GetDeviceId| Код устройства: @MINDEO-M40-D-410244015546
Дата: 2025-03-10
Время: 15:14:51.5882
УровеньЛогирования: INFO
ВызвавшийМетод: MobileComputer.GetDeviceId
Сообщение: Код устройства: '@MINDEO-M40-D-410244015546'

10.03.2025 15:14:49.523 INFORMATION Версия программы: '3.4.0.48729'
Дата: 10.03.2025
Время: 15:14:49.523
УровеньЛогирования: INFORMATION
Сообщение: Версия программы: ‘3.4.0.48729’

10.03.2025 15:14:49.523 INFORMATION Версия программы: '3.4.0.48729'
Дата: 10.03.2025
Время: 15:14:49.523
УровеньЛогирования: INFORMATION
Сообщение: Версия программы: ‘3.4.0.48729’

10.03.2025 15:14:49.523 INFORMATION Версия программы: '3.4.0.48729'
Дата: 10.03.2025
Время: 15:14:49.523
УровеньЛогирования: INFORMATION
Сообщение: Версия программы: ‘3.4.0.48729’

10.03.2025 15:14:49.523 INFORMATION Версия программы: '3.4.0.48729'
Дата: 10.03.2025
Время: 15:14:49.523
УровеньЛогирования: INFORMATION
Сообщение: Версия программы: ‘3.4.0.48729’

10.03.2025 15:14:49.523 INFORMATION Версия программы: '3.4.0.48729'
Дата: 10.03.2025
Время: 15:14:49.523
УровеньЛогирования: INFORMATION
Сообщение: Версия программы: ‘3.4.0.48729’

2025-03-10 15:14:51.5882| INFO|11|MobileComputer.GetDeviceId| Код устройства: '@MINDEO-M40-D-410244015546'
Дата: 2025-03-10
Время: 15:14:51.5882
УровеньЛогирования: INFO
ВызвавшийМетод: MobileComputer.GetDeviceId
Сообщение: Код устройства: ‘@MINDEO-M40-D-410244015546’

2025-03-10 15:14:51.5882| INFO|11|MobileComputer.GetDeviceId| Код устройства: '@MINDEO-M40-D-410244015546'
Дата: 2025-03-10
Время: 15:14:51.5882
УровеньЛогирования: INFO
ВызвавшийМетод: MobileComputer.GetDeviceId
Сообщение: Код устройства: ‘@MINDEO-M40-D-410244015546’

2025-03-10 15:14:51.5882| INFO|11|MobileComputer.GetDeviceId| Код устройства: @MINDEO-M40-D-410244015546'
Дата: 2025-03-10
Время: 15:14:51.5882
УровеньЛогирования: INFO
ВызвавшийМетод: MobileComputer.GetDeviceId
Сообщение: Кодустройства: ‘@MINDEO-M40-D-410244015546’

2025-03-10 15:14:51.5882| INFO|11|MobileComputer.GetDeviceId| Код устройства: '@MINDEO-M40-D-410244015546'
Дата: 2025-03-10
Время: 15:14:51.5882
УровеньЛогирования: INFO
ВызвавшийМетод: MobileComputer.GetDeviceId
Сообщение: Код eстройства: @MINDEO-M40-D-410244015546

2025-03-10 15:14:51.5882| INFO|11|MobileComputer.GetDeviceId| Код устройства: @MINDEO-M40-D-410244015546
Дата: 2025-03-10
Время: 15:14:51.5882
УровеньЛогирования: INFO
ВызвавшийМетод: MobileComputer.GetDeviceId
Сообщение: Код устройства: '@MINDEO-M40-D-410244015546'

10.03.2025 15:14:49.523 INFORMATION Версия программы: '3.4.0.48729'
Дата: 10.03.2025
Время: 15:14:49.523
УровеньЛогирования: INFORMATION
Сообщение: Версия программы: ‘3.4.0.48729’

10.03.2025 15:14:49.523 INFORMATION Версия программы: '3.4.0.48729'
Дата: 10.03.2025
Время: 15:14:49.523
УровеньЛогирования: INFORMATION
Сообщение: Версия программы: ‘3.4.0.48729’

10.03.2025 15:14:49.523 INFORMATION Версия программы: '3.4.0.48729'
Дата: 10.03.2025
Время: 15:14:49.523
УровеньЛогирования: INFORMATION
Сообщение: Версия программы: ‘3.4.0.48729’

10.03.2025 15:14:49.523 INFORMATION Версия программы: '3.4.0.48729'
Дата: 10.03.2025
Время: 15:14:49.523
УровеньЛогирования: INFORMATION
Сообщение: Версия программы: ‘3.4.0.48729’

10.03.2025 15:14:49.523 INFORMATION Версия программы: '3.4.0.48729'
Дата: 10.03.2025
Время: 15:14:49.523
УровеньЛогирования: INFORMATION
Сообщение: Версия программы: ‘3.4.0.48729’

2025-03-10 15:14:51.5882| INFO|11|MobileComputer.GetDeviceId| Код устройства: '@MINDEO-M40-D-410244015546'
Дата: 2025-03-10
Время: 15:14:51.5882
УровеньЛогирования: INFO
ВызвавшийМетод: MobileComputer.GetDeviceId
Сообщение: Код устройства: ‘@MINDEO-M40-D-410244015546’

2025-03-10 15:14:51.5882| INFO|11|MobileComputer.GetDeviceId| Код устройства: '@MINDEO-M40-D-410244015546'
Дата: 2025-03-10
Время: 15:14:51.5882
УровеньЛогирования: INFO
ВызвавшийМетод: MobileComputer.GetDeviceId
Сообщение: Код устройства: ‘@MINDEO-M40-D-410244015546’

2025-03-10 15:14:51.5882| INFO|11|MobileComputer.GetDeviceId| Код устройства: @MINDEO-M40-D-410244015546'
Дата: 2025-03-10
Время: 15:14:51.5882
УровеньЛогирования: INFO
ВызвавшийМетод: MobileComputer.GetDeviceId
Сообщение: Кодустройства: ‘@MINDEO-M40-D-410244015546’

2025-03-10 15:14:51.5882| INFO|11|MobileComputer.GetDeviceId| Код устройства: '@MINDEO-M40-D-410244015546'
Дата: 2025-03-10
Время: 15:14:51.5882
УровеньЛогирования: INFO
ВызвавшийМетод: MobileComputer.GetDeviceId
Сообщение: Код eстройства: @MINDEO-M40-D-410244015546

2025-03-10 15:14:51.5882| INFO|11|MobileComputer.GetDeviceId| Код устройства: @MINDEO-M40-D-410244015546
Дата: 2025-03-10
Время: 15:14:51.5882
УровеньЛогирования: INFO
ВызвавшийМетод: MobileComputer.GetDeviceId
Сообщение: Код устройства: '@MINDEO-M40-D-410244015546'

10.03.2025 15:14:49.523 INFORMATION Версия программы: '3.4.0.48729'
Дата: 10.03.2025
Время: 15:14:49.523
УровеньЛогирования: INFORMATION
Сообщение: Версия программы: ‘3.4.0.48729’

10.03.2025 15:14:49.523 INFORMATION Версия программы: '3.4.0.48729'
Дата: 10.03.2025
Время: 15:14:49.523
УровеньЛогирования: INFORMATION
Сообщение: Версия программы: ‘3.4.0.48729’

10.03.2025 15:14:49.523 INFORMATION Версия программы: '3.4.0.48729'
Дата: 10.03.2025
Время: 15:14:49.523
УровеньЛогирования: INFORMATION
Сообщение: Версия программы: ‘3.4.0.48729’

10.03.2025 15:14:49.523 INFORMATION Версия программы: '3.4.0.48729'
Дата: 10.03.2025
Время: 15:14:49.523
УровеньЛогирования: INFORMATION
Сообщение: Версия программы: ‘3.4.0.48729’

10.03.2025 15:14:49.523 INFORMATION Версия программы: '3.4.0.48729'
Дата: 10.03.2025
Время: 15:14:49.523
УровеньЛогирования: INFORMATION
Сообщение: Версия программы: ‘3.4.0.48729’

2025-03-10 15:14:51.5882| INFO|11|MobileComputer.GetDeviceId| Код устройства: '@MINDEO-M40-D-410244015546'
Дата: 2025-03-10
Время: 15:14:51.5882
УровеньЛогирования: INFO
ВызвавшийМетод: MobileComputer.GetDeviceId
Сообщение: Код устройства: ‘@MINDEO-M40-D-410244015546’

2025-03-10 15:14:51.5882| INFO|11|MobileComputer.GetDeviceId| Код устройства: '@MINDEO-M40-D-410244015546'
Дата: 2025-03-10
Время: 15:14:51.5882
УровеньЛогирования: INFO
ВызвавшийМетод: MobileComputer.GetDeviceId
Сообщение: Код устройства: ‘@MINDEO-M40-D-410244015546’

2025-03-10 15:14:51.5882| INFO|11|MobileComputer.GetDeviceId| Код устройства: @MINDEO-M40-D-410244015546'
Дата: 2025-03-10
Время: 15:14:51.5882
УровеньЛогирования: INFO
ВызвавшийМетод: MobileComputer.GetDeviceId
Сообщение: Кодустройства: ‘@MINDEO-M40-D-410244015546’

2025-03-10 15:14:51.5882| INFO|11|MobileComputer.GetDeviceId| Код устройства: '@MINDEO-M40-D-410244015546'
Дата: 2025-03-10
Время: 15:14:51.5882
УровеньЛогирования: INFO
ВызвавшийМетод: MobileComputer.GetDeviceId
Сообщение: Код eстройства: @MINDEO-M40-D-410244015546

2025-03-10 15:14:51.5882| INFO|11|MobileComputer.GetDeviceId| Код устройства: @MINDEO-M40-D-410244015546
Дата: 2025-03-10
Время: 15:14:51.5882
УровеньЛогирования: INFO
ВызвавшийМетод: MobileComputer.GetDeviceId
Сообщение: Код устройства: '@MINDEO-M40-D-410244015546'

10.03.2025 15:14:49.523 INFORMATION Версия программы: '3.4.0.48729'
Дата: 10.03.2025
Время: 15:14:49.523
УровеньЛогирования: INFORMATION
Сообщение: Версия программы: ‘3.4.0.48729’

10.03.2025 15:14:49.523 INFORMATION Версия программы: '3.4.0.48729'
Дата: 10.03.2025
Время: 15:14:49.523
УровеньЛогирования: INFORMATION
Сообщение: Версия программы: ‘3.4.0.48729’

10.03.2025 15:14:49.523 INFORMATION Версия программы: '3.4.0.48729'
Дата: 10.03.2025
Время: 15:14:49.523
УровеньЛогирования: INFORMATION
Сообщение: Версия программы: ‘3.4.0.48729’

10.03.2025 15:14:49.523 INFORMATION Версия программы: '3.4.0.48729'
Дата: 10.03.2025
Время: 15:14:49.523
УровеньЛогирования: INFORMATION
Сообщение: Версия программы: ‘3.4.0.48729’

10.03.2025 15:14:49.523 INFORMATION Версия программы: '3.4.0.48729'
Дата: 10.03.2025
Время: 15:14:49.523
УровеньЛогирования: INFORMATION
Сообщение: Версия программы: ‘3.4.0.48729’

2025-03-10 15:14:51.5882| INFO|11|MobileComputer.GetDeviceId| Код устройства: '@MINDEO-M40-D-410244015546'
Дата: 2025-03-10
Время: 15:14:51.5882
УровеньЛогирования: INFO
ВызвавшийМетод: MobileComputer.GetDeviceId
Сообщение: Код устройства: ‘@MINDEO-M40-D-410244015546’

2025-03-10 15:14:51.5882| INFO|11|MobileComputer.GetDeviceId| Код устройства: '@MINDEO-M40-D-410244015546'
Дата: 2025-03-10
Время: 15:14:51.5882
УровеньЛогирования: INFO
ВызвавшийМетод: MobileComputer.GetDeviceId
Сообщение: Код устройства: ‘@MINDEO-M40-D-410244015546’

2025-03-10 15:14:51.5882| INFO|11|MobileComputer.GetDeviceId| Код устройства: @MINDEO-M40-D-410244015546'
Дата: 2025-03-10
Время: 15:14:51.5882
УровеньЛогирования: INFO
ВызвавшийМетод: MobileComputer.GetDeviceId
Сообщение: Кодустройства: ‘@MINDEO-M40-D-410244015546’

2025-03-10 15:14:51.5882| INFO|11|MobileComputer.GetDeviceId| Код устройства: '@MINDEO-M40-D-410244015546'
Дата: 2025-03-10
Время: 15:14:51.5882
УровеньЛогирования: INFO
ВызвавшийМетод: MobileComputer.GetDeviceId
Сообщение: Код eстройства: @MINDEO-M40-D-410244015546

2025-03-10 15:14:51.5882| INFO|11|MobileComputer.GetDeviceId| Код устройства: @MINDEO-M40-D-410244015546
Дата: 2025-03-10
Время: 15:14:51.5882
УровеньЛогирования: INFO
ВызвавшийМетод: MobileComputer.GetDeviceId
Сообщение: Код устройства: '@MINDEO-M40-D-410244015546'

10.03.2025 15:14:49.523 INFORMATION Версия программы: '3.4.0.48729'
Дата: 10.03.2025
Время: 15:14:49.523
УровеньЛогирования: INFORMATION
Сообщение: Версия программы: ‘3.4.0.48729’

10.03.2025 15:14:49.523 INFORMATION Версия программы: '3.4.0.48729'
Дата: 10.03.2025
Время: 15:14:49.523
УровеньЛогирования: INFORMATION
Сообщение: Версия программы: ‘3.4.0.48729’

10.03.2025 15:14:49.523 INFORMATION Версия программы: '3.4.0.48729'
Дата: 10.03.2025
Время: 15:14:49.523
УровеньЛогирования: INFORMATION
Сообщение: Версия программы: ‘3.4.0.48729’

10.03.2025 15:14:49.523 INFORMATION Версия программы: '3.4.0.48729'
Дата: 10.03.2025
Время: 15:14:49.523
УровеньЛогирования: INFORMATION
Сообщение: Версия программы: ‘3.4.0.48729’

10.03.2025 15:14:49.523 INFORMATION Версия программы: '3.4.0.48729'
Дата: 10.03.2025
Время: 15:14:49.523
УровеньЛогирования: INFORMATION
Сообщение: Версия программы: ‘3.4.0.48729’

2025-03-10 15:14:51.5882| INFO|11|MobileComputer.GetDeviceId| Код устройства: '@MINDEO-M40-D-410244015546'
Дата: 2025-03-10
Время: 15:14:51.5882
УровеньЛогирования: INFO
ВызвавшийМетод: MobileComputer.GetDeviceId
Сообщение: Код устройства: ‘@MINDEO-M40-D-410244015546’

2025-03-10 15:14:51.5882| INFO|11|MobileComputer.GetDeviceId| Код устройства: '@MINDEO-M40-D-410244015546'
Дата: 2025-03-10
Время: 15:14:51.5882
УровеньЛогирования: INFO
ВызвавшийМетод: MobileComputer.GetDeviceId
Сообщение: Код устройства: ‘@MINDEO-M40-D-410244015546’

2025-03-10 15:14:51.5882| INFO|11|MobileComputer.GetDeviceId| Код устройства: @MINDEO-M40-D-410244015546'
Дата: 2025-03-10
Время: 15:14:51.5882
УровеньЛогирования: INFO
ВызвавшийМетод: MobileComputer.GetDeviceId
Сообщение: Кодустройства: ‘@MINDEO-M40-D-410244015546’

2025-03-10 15:14:51.5882| INFO|11|MobileComputer.GetDeviceId| Код устройства: '@MINDEO-M40-D-410244015546'
Дата: 2025-03-10
Время: 15:14:51.5882
УровеньЛогирования: INFO
ВызвавшийМетод: MobileComputer.GetDeviceId
Сообщение: Код eстройства: @MINDEO-M40-D-410244015546

2025-03-10 15:14:51.5882| INFO|11|MobileComputer.GetDeviceId| Код устройства: @MINDEO-M40-D-410244015546
Дата: 2025-03-10
Время: 15:14:51.5882
УровеньЛогирования: INFO
ВызвавшийМетод: MobileComputer.GetDeviceId
Сообщение: Код устройства: '@MINDEO-M40-D-410244015546'

10.03.2025 15:14:49.523 INFORMATION Версия программы: '3.4.0.48729'
Дата: 10.03.2025
Время: 15:14:49.523
УровеньЛогирования: INFORMATION
Сообщение: Версия программы: ‘3.4.0.48729’

10.03.2025 15:14:49.523 INFORMATION Версия программы: '3.4.0.48729'
Дата: 10.03.2025
Время: 15:14:49.523
УровеньЛогирования: INFORMATION
Сообщение: Версия программы: ‘3.4.0.48729’

10.03.2025 15:14:49.523 INFORMATION Версия программы: '3.4.0.48729'
Дата: 10.03.2025
Время: 15:14:49.523
УровеньЛогирования: INFORMATION
Сообщение: Версия программы: ‘3.4.0.48729’

10.03.2025 15:14:49.523 INFORMATION Версия программы: '3.4.0.48729'
Дата: 10.03.2025
Время: 15:14:49.523
УровеньЛогирования: INFORMATION
Сообщение: Версия программы: ‘3.4.0.48729’

10.03.2025 15:14:49.523 INFORMATION Версия программы: '3.4.0.48729'
Дата: 10.03.2025
Время: 15:14:49.523
УровеньЛогирования: INFORMATION
Сообщение: Версия программы: ‘3.4.0.48729’

2025-03-10 15:14:51.5882| INFO|11|MobileComputer.GetDeviceId| Код устройства: '@MINDEO-M40-D-410244015546'
Дата: 2025-03-10
Время: 15:14:51.5882
УровеньЛогирования: INFO
ВызвавшийМетод: MobileComputer.GetDeviceId
Сообщение: Код устройства: ‘@MINDEO-M40-D-410244015546’

2025-03-10 15:14:51.5882| INFO|11|MobileComputer.GetDeviceId| Код устройства: '@MINDEO-M40-D-410244015546'
Дата: 2025-03-10
Время: 15:14:51.5882
УровеньЛогирования: INFO
ВызвавшийМетод: MobileComputer.GetDeviceId
Сообщение: Код устройства: ‘@MINDEO-M40-D-410244015546’

2025-03-10 15:14:51.5882| INFO|11|MobileComputer.GetDeviceId| Код устройства: @MINDEO-M40-D-410244015546'
Дата: 2025-03-10
Время: 15:14:51.5882
УровеньЛогирования: INFO
ВызвавшийМетод: MobileComputer.GetDeviceId
Сообщение: Кодустройства: ‘@MINDEO-M40-D-410244015546’

2025-03-10 15:14:51.5882| INFO|11|MobileComputer.GetDeviceId| Код устройства: '@MINDEO-M40-D-410244015546'
Дата: 2025-03-10
Время: 15:14:51.5882
УровеньЛогирования: INFO
ВызвавшийМетод: MobileComputer.GetDeviceId
Сообщение: Код eстройства: @MINDEO-M40-D-410244015546

2025-03-10 15:14:51.5882| INFO|11|MobileComputer.GetDeviceId| Код устройства: @MINDEO-M40-D-410244015546
Дата: 2025-03-10
Время: 15:14:51.5882
УровеньЛогирования: INFO
ВызвавшийМетод: MobileComputer.GetDeviceId
Сообщение: Код устройства: '@MINDEO-M40-D-410244015546'

10.03.2025 15:14:49.523 INFORMATION Версия программы: '3.4.0.48729'
Дата: 10.03.2025
Время: 15:14:49.523
УровеньЛогирования: INFORMATION
Сообщение: Версия программы: ‘3.4.0.48729’

10.03.2025 15:14:49.523 INFORMATION Версия программы: '3.4.0.48729'
Дата: 10.03.2025
Время: 15:14:49.523
УровеньЛогирования: INFORMATION
Сообщение: Версия программы: ‘3.4.0.48729’

10.03.2025 15:14:49.523 INFORMATION Версия программы: '3.4.0.48729'
Дата: 10.03.2025
Время: 15:14:49.523
УровеньЛогирования: INFORMATION
Сообщение: Версия программы: ‘3.4.0.48729’

10.03.2025 15:14:49.523 INFORMATION Версия программы: '3.4.0.48729'
Дата: 10.03.2025
Время: 15:14:49.523
УровеньЛогирования: INFORMATION
Сообщение: Версия программы: ‘3.4.0.48729’

10.03.2025 15:14:49.523 INFORMATION Версия программы: '3.4.0.48729'
Дата: 10.03.2025
Время: 15:14:49.523
УровеньЛогирования: INFORMATION
Сообщение: Версия программы: ‘3.4.0.48729’

2025-03-10 15:14:51.5882| INFO|11|MobileComputer.GetDeviceId| Код устройства: '@MINDEO-M40-D-410244015546'
Дата: 2025-03-10
Время: 15:14:51.5882
УровеньЛогирования: INFO
ВызвавшийМетод: MobileComputer.GetDeviceId
Сообщение: Код устройства: ‘@MINDEO-M40-D-410244015546’

2025-03-10 15:14:51.5882| INFO|11|MobileComputer.GetDeviceId| Код устройства: '@MINDEO-M40-D-410244015546'
Дата: 2025-03-10
Время: 15:14:51.5882
УровеньЛогирования: INFO
ВызвавшийМетод: MobileComputer.GetDeviceId
Сообщение: Код устройства: ‘@MINDEO-M40-D-410244015546’

2025-03-10 15:14:51.5882| INFO|11|MobileComputer.GetDeviceId| Код устройства: @MINDEO-M40-D-410244015546'
Дата: 2025-03-10
Время: 15:14:51.5882
УровеньЛогирования: INFO
ВызвавшийМетод: MobileComputer.GetDeviceId
Сообщение: Кодустройства: ‘@MINDEO-M40-D-410244015546’

2025-03-10 15:14:51.5882| INFO|11|MobileComputer.GetDeviceId| Код устройства: '@MINDEO-M40-D-410244015546'
Дата: 2025-03-10
Время: 15:14:51.5882
УровеньЛогирования: INFO
ВызвавшийМетод: MobileComputer.GetDeviceId
Сообщение: Код eстройства: @MINDEO-M40-D-410244015546

2025-03-10 15:14:51.5882| INFO|11|MobileComputer.GetDeviceId| Код устройства: @MINDEO-M40-D-410244015546
Дата: 2025-03-10
Время: 15:14:51.5882
УровеньЛогирования: INFO
ВызвавшийМетод: MobileComputer.GetDeviceId
Сообщение: Код устройства: '@MINDEO-M40-D-410244015546'

10.03.2025 15:14:49.523 INFORMATION Версия программы: '3.4.0.48729'
Дата: 10.03.2025
Время: 15:14:49.523
УровеньЛогирования: INFORMATION
Сообщение: Версия программы: ‘3.4.0.48729’

10.03.2025 15:14:49.523 INFORMATION Версия программы: '3.4.0.48729'
Дата: 10.03.2025
Время: 15:14:49.523
УровеньЛогирования: INFORMATION
Сообщение: Версия программы: ‘3.4.0.48729’

10.03.2025 15:14:49.523 INFORMATION Версия программы: '3.4.0.48729'
Дата: 10.03.2025
Время: 15:14:49.523
УровеньЛогирования: INFORMATION
Сообщение: Версия программы: ‘3.4.0.48729’

10.03.2025 15:14:49.523 INFORMATION Версия программы: '3.4.0.48729'
Дата: 10.03.2025
Время: 15:14:49.523
УровеньЛогирования: INFORMATION
Сообщение: Версия программы: ‘3.4.0.48729’

10.03.2025 15:14:49.523 INFORMATION Версия программы: '3.4.0.48729'
Дата: 10.03.2025
Время: 15:14:49.523
УровеньЛогирования: INFORMATION
Сообщение: Версия программы: ‘3.4.0.48729’

2025-03-10 15:14:51.5882| INFO|11|MobileComputer.GetDeviceId| Код устройства: '@MINDEO-M40-D-410244015546'
Дата: 2025-03-10
Время: 15:14:51.5882
УровеньЛогирования: INFO
ВызвавшийМетод: MobileComputer.GetDeviceId
Сообщение: Код устройства: ‘@MINDEO-M40-D-410244015546’

2025-03-10 15:14:51.5882| INFO|11|MobileComputer.GetDeviceId| Код устройства: '@MINDEO-M40-D-410244015546'
Дата: 2025-03-10
Время: 15:14:51.5882
УровеньЛогирования: INFO
ВызвавшийМетод: MobileComputer.GetDeviceId
Сообщение: Код устройства: ‘@MINDEO-M40-D-410244015546’

2025-03-10 15:14:51.5882| INFO|11|MobileComputer.GetDeviceId| Код устройства: @MINDEO-M40-D-410244015546'
Дата: 2025-03-10
Время: 15:14:51.5882
УровеньЛогирования: INFO
ВызвавшийМетод: MobileComputer.GetDeviceId
Сообщение: Кодустройства: ‘@MINDEO-M40-D-410244015546’

2025-03-10 15:14:51.5882| INFO|11|MobileComputer.GetDeviceId| Код устройства: '@MINDEO-M40-D-410244015546'
Дата: 2025-03-10
Время: 15:14:51.5882
УровеньЛогирования: INFO
ВызвавшийМетод: MobileComputer.GetDeviceId
Сообщение: Код eстройства: @MINDEO-M40-D-410244015546

2025-03-10 15:14:51.5882| INFO|11|MobileComputer.GetDeviceId| Код устройства: @MINDEO-M40-D-410244015546
Дата: 2025-03-10
Время: 15:14:51.5882
УровеньЛогирования: INFO
ВызвавшийМетод: MobileComputer.GetDeviceId
Сообщение: Код устройства: '@MINDEO-M40-D-410244015546'

10.03.2025 15:14:49.523 INFORMATION Версия программы: '3.4.0.48729'
Дата: 10.03.2025
Время: 15:14:49.523
УровеньЛогирования: INFORMATION
Сообщение: Версия программы: ‘3.4.0.48729’

10.03.2025 15:14:49.523 INFORMATION Версия программы: '3.4.0.48729'
Дата: 10.03.2025
Время: 15:14:49.523
УровеньЛогирования: INFORMATION
Сообщение: Версия программы: ‘3.4.0.48729’

10.03.2025 15:14:49.523 INFORMATION Версия программы: '3.4.0.48729'
Дата: 10.03.2025
Время: 15:14:49.523
УровеньЛогирования: INFORMATION
Сообщение: Версия программы: ‘3.4.0.48729’

10.03.2025 15:14:49.523 INFORMATION Версия программы: '3.4.0.48729'
Дата: 10.03.2025
Время: 15:14:49.523
УровеньЛогирования: INFORMATION
Сообщение: Версия программы: ‘3.4.0.48729’

10.03.2025 15:14:49.523 INFORMATION Версия программы: '3.4.0.48729'
Дата: 10.03.2025
Время: 15:14:49.523
УровеньЛогирования: INFORMATION
Сообщение: Версия программы: ‘3.4.0.48729’

2025-03-10 15:14:51.5882| INFO|11|MobileComputer.GetDeviceId| Код устройства: '@MINDEO-M40-D-410244015546'
Дата: 2025-03-10
Время: 15:14:51.5882
УровеньЛогирования: INFO
ВызвавшийМетод: MobileComputer.GetDeviceId
Сообщение: Код устройства: ‘@MINDEO-M40-D-410244015546’

2025-03-10 15:14:51.5882| INFO|11|MobileComputer.GetDeviceId| Код устройства: '@MINDEO-M40-D-410244015546'
Дата: 2025-03-10
Время: 15:14:51.5882
УровеньЛогирования: INFO
ВызвавшийМетод: MobileComputer.GetDeviceId
Сообщение: Код устройства: ‘@MINDEO-M40-D-410244015546’

2025-03-10 15:14:51.5882| INFO|11|MobileComputer.GetDeviceId| Код устройства: @MINDEO-M40-D-410244015546'
Дата: 2025-03-10
Время: 15:14:51.5882
УровеньЛогирования: INFO
ВызвавшийМетод: MobileComputer.GetDeviceId
Сообщение: Кодустройства: ‘@MINDEO-M40-D-410244015546’

2025-03-10 15:14:51.5882| INFO|11|MobileComputer.GetDeviceId| Код устройства: '@MINDEO-M40-D-410244015546'
Дата: 2025-03-10
Время: 15:14:51.5882
УровеньЛогирования: INFO
ВызвавшийМетод: MobileComputer.GetDeviceId
Сообщение: Код eстройства: @MINDEO-M40-D-410244015546

2025-03-10 15:14:51.5882| INFO|11|MobileComputer.GetDeviceId| Код устройства: @MINDEO-M40-D-410244015546
Дата: 2025-03-10
Время: 15:14:51.5882
УровеньЛогирования: INFO
ВызвавшийМетод: MobileComputer.GetDeviceId
Сообщение: Код устройства: '@MINDEO-M40-D-410244015546'

10.03.2025 15:14:49.523 INFORMATION Версия программы: '3.4.0.48729'
Дата: 10.03.2025
Время: 15:14:49.523
УровеньЛогирования: INFORMATION
Сообщение: Версия программы: ‘3.4.0.48729’

10.03.2025 15:14:49.523 INFORMATION Версия программы: '3.4.0.48729'
Дата: 10.03.2025
Время: 15:14:49.523
УровеньЛогирования: INFORMATION
Сообщение: Версия программы: ‘3.4.0.48729’

10.03.2025 15:14:49.523 INFORMATION Версия программы: '3.4.0.48729'
Дата: 10.03.2025
Время: 15:14:49.523
УровеньЛогирования: INFORMATION
Сообщение: Версия программы: ‘3.4.0.48729’

10.03.2025 15:14:49.523 INFORMATION Версия программы: '3.4.0.48729'
Дата: 10.03.2025
Время: 15:14:49.523
УровеньЛогирования: INFORMATION
Сообщение: Версия программы: ‘3.4.0.48729’

10.03.2025 15:14:49.523 INFORMATION Версия программы: '3.4.0.48729'
Дата: 10.03.2025
Время: 15:14:49.523
УровеньЛогирования: INFORMATION
Сообщение: Версия программы: ‘3.4.0.48729’

2025-03-10 15:14:51.5882| INFO|11|MobileComputer.GetDeviceId| Код устройства: '@MINDEO-M40-D-410244015546'
Дата: 2025-03-10
Время: 15:14:51.5882
УровеньЛогирования: INFO
ВызвавшийМетод: MobileComputer.GetDeviceId
Сообщение: Код устройства: ‘@MINDEO-M40-D-410244015546’

2025-03-10 15:14:51.5882| INFO|11|MobileComputer.GetDeviceId| Код устройства: '@MINDEO-M40-D-410244015546'
Дата: 2025-03-10
Время: 15:14:51.5882
УровеньЛогирования: INFO
ВызвавшийМетод: MobileComputer.GetDeviceId
Сообщение: Код устройства: ‘@MINDEO-M40-D-410244015546’

2025-03-10 15:14:51.5882| INFO|11|MobileComputer.GetDeviceId| Код устройства: @MINDEO-M40-D-410244015546'
Дата: 2025-03-10
Время: 15:14:51.5882
УровеньЛогирования: INFO
ВызвавшийМетод: MobileComputer.GetDeviceId
Сообщение: Кодустройства: ‘@MINDEO-M40-D-410244015546’

2025-03-10 15:14:51.5882| INFO|11|MobileComputer.GetDeviceId| Код устройства: '@MINDEO-M40-D-410244015546'
Дата: 2025-03-10
Время: 15:14:51.5882
УровеньЛогирования: INFO
ВызвавшийМетод: MobileComputer.GetDeviceId
Сообщение: Код eстройства: @MINDEO-M40-D-410244015546

2025-03-10 15:14:51.5882| INFO|11|MobileComputer.GetDeviceId| Код устройства: @MINDEO-M40-D-410244015546
Дата: 2025-03-10
Время: 15:14:51.5882
УровеньЛогирования: INFO
ВызвавшийМетод: MobileComputer.GetDeviceId
Сообщение: Код устройства: '@MINDEO-M40-D-410244015546'

10.03.2025 15:14:49.523 INFORMATION Версия программы: '3.4.0.48729'
Дата: 10.03.2025
Время: 15:14:49.523
УровеньЛогирования: INFORMATION
Сообщение: Версия программы: ‘3.4.0.48729’

10.03.2025 15:14:49.523 INFORMATION Версия программы: '3.4.0.48729'
Дата: 10.03.2025
Время: 15:14:49.523
УровеньЛогирования: INFORMATION
Сообщение: Версия программы: ‘3.4.0.48729’

10.03.2025 15:14:49.523 INFORMATION Версия программы: '3.4.0.48729'
Дата: 10.03.2025
Время: 15:14:49.523
УровеньЛогирования: INFORMATION
Сообщение: Версия программы: ‘3.4.0.48729’

10.03.2025 15:14:49.523 INFORMATION Версия программы: '3.4.0.48729'
Дата: 10.03.2025
Время: 15:14:49.523
УровеньЛогирования: INFORMATION
Сообщение: Версия программы: ‘3.4.0.48729’

10.03.2025 15:14:49.523 INFORMATION Версия программы: '3.4.0.48729'
Дата: 10.03.2025
Время: 15:14:49.523
УровеньЛогирования: INFORMATION
Сообщение: Версия программы: ‘3.4.0.48729’

2025-03-10 15:14:51.5882| INFO|11|MobileComputer.GetDeviceId| Код устройства: '@MINDEO-M40-D-410244015546'
Дата: 2025-03-10
Время: 15:14:51.5882
УровеньЛогирования: INFO
ВызвавшийМетод: MobileComputer.GetDeviceId
Сообщение: Код устройства: ‘@MINDEO-M40-D-410244015546’

2025-03-10 15:14:51.5882| INFO|11|MobileComputer.GetDeviceId| Код устройства: '@MINDEO-M40-D-410244015546'
Дата: 2025-03-10
Время: 15:14:51.5882
УровеньЛогирования: INFO
ВызвавшийМетод: MobileComputer.GetDeviceId
Сообщение: Код устройства: ‘@MINDEO-M40-D-410244015546’

2025-03-10 15:14:51.5882| INFO|11|MobileComputer.GetDeviceId| Код устройства: @MINDEO-M40-D-410244015546'
Дата: 2025-03-10
Время: 15:14:51.5882
УровеньЛогирования: INFO
ВызвавшийМетод: MobileComputer.GetDeviceId
Сообщение: Кодустройства: ‘@MINDEO-M40-D-410244015546’

2025-03-10 15:14:51.5882| INFO|11|MobileComputer.GetDeviceId| Код устройства: '@MINDEO-M40-D-410244015546'
Дата: 2025-03-10
Время: 15:14:51.5882
УровеньЛогирования: INFO
ВызвавшийМетод: MobileComputer.GetDeviceId
Сообщение: Код eстройства: @MINDEO-M40-D-410244015546

2025-03-10 15:14:51.5882| INFO|11|MobileComputer.GetDeviceId| Код устройства: @MINDEO-M40-D-410244015546
Дата: 2025-03-10
Время: 15:14:51.5882
УровеньЛогирования: INFO
ВызвавшийМетод: MobileComputer.GetDeviceId
Сообщение: Код устройства: '@MINDEO-M40-D-410244015546'